EXPORT LOG / CityEngine 2010.3.12071218
---------------------------------------------------

export started at: Tue Oct 18 16:07:10 2011
export completed at: Tue Oct 18 16:07:45 2011
export duration: 34.6 seconds

EXPORT SETTINGS
    format:                default
    location:              /Users/cosmo/CityEngine/WindFarm/models
    base name:             mainScene_terrain
    export content:        2 (0 = models only, 1 = fallback to shape, 2 = shapes only)
    file granularity:      0 (0 = single file (or split by file budget), 1 = file per initial shape)
    file size budget:      524288000
    mesh granularity:      1 (0 = as generated, 1 = mesh per material, 2 = use instances of inserted assets) 
    vertex precision:      0.00100
    normal precision:      0.00100
    texcoord precision:    0.00010
    merge vertices:        1
    merge normals:         1
    merge texcoords:       1
    triangulate:           0
    reproject texcoords:   0
    vertex indexing:       0 (0 = allow shared vertices, 1 = force separate vertices)
    normals type:          0 (0 = use vertex normals, 1 = use face normals (flat))
    normals indexing:      0 (0 = allow shared normals, 1 = force separate normals)
    write texcoords:       1 (0 = no texcoords, 1 = first layer, 2 = all layers)
    write materials:       1
    collect textures:      1
    file type:             0 (0 = ascii, 1 = binary)
    embed textures:        0
    write master file:     0
    master group name:     CityEngineSceneRoot
    write cam data:        1
    batch behavior:        0 (0 = normal, 1 = skip existing files, 2 = dry run)

INPUT STATS
    number of initial shapes      = 1
    number of generated shapes    = 1
    number of generated meshes    = 1
    number of generated materials = 1

OUTPUT STATS
    written files: 1
    written materials: 1
    written meshes (total polygons): 1 (1046529)
    mesh names (polygons):
            0: 'CityEngineShapeMaterial' (1046529)

INPUT REPORT
    collected/generated initial shapes:
            0: OK    : f                                        OID: dfac1708-0be4-1400-a026-000688ce0fbf

OUTPUT REPORT
    written files & status:
            0: OK:      /Users/cosmo/CityEngine/WindFarm/models/mainScene_terrain_0.obj

